Command line:
   Dispenser_top_isim_beh.exe
     -simmode  gui
     -simrunnum  0
     -socket  44488

Wed Apr  6 20:59:58 2016


 Elaboration Time: 0.08 sec

 Current Memory Usage: 201.032 Meg

 Total Signals          : 796
 Total Nets             : 5252
 Total Signal Drivers   : 343
 Total Blocks           : 43
 Total Primitive Blocks : 30
 Total Processes        : 122
 Total Traceable Variables  : 327
 Total Scalar Nets and Variables : 6127
Total Line Count : 966

 Total Simulation Time: 0.11 sec

 Current Memory Usage: 276.533 Meg

Wed Apr  6 21:00:04 2016

